GitHub/Android-Cookbook-Examples/ContentProviderSample/build/outputs/logs/manifest-merger-debug-report.txt
-- Merging decision tree log ---
manifest
ADDED from Android-Cookbook-Examples/ContentProviderSample/AndroidManifest.xml:2:1-36:12
	package
		ADDED from Android-Cookbook-Examples/ContentProviderSample/AndroidManifest.xml:3:5-48
	android:versionName
		ADDED from Android-Cookbook-Examples/ContentProviderSample/AndroidManifest.xml:5:5-30
		INJECTED from Android-Cookbook-Examples/ContentProviderSample/AndroidManifest.xml
		INJECTED from Android-Cookbook-Examples/ContentProviderSample/AndroidManifest.xml
	android:versionCode
		ADDED from Android-Cookbook-Examples/ContentProviderSample/AndroidManifest.xml:4:5-28
		INJECTED from Android-Cookbook-Examples/ContentProviderSample/AndroidManifest.xml
		INJECTED from Android-Cookbook-Examples/ContentProviderSample/AndroidManifest.xml
	xmlns:android
		ADDED from Android-Cookbook-Examples/ContentProviderSample/AndroidManifest.xml:2:11-69
uses-sdk
ADDED from Android-Cookbook-Examples/ContentProviderSample/AndroidManifest.xml:7:5-9:41
MERGED from [com.android.support:appcompat-v7:26.0.0-alpha1] AndroidManifest.xml:21:5-23:78
MERGED from [com.android.support:support-v4:26.0.0-alpha1] AndroidManifest.xml:21:5-23:54
MERGED from [com.android.support:support-media-compat:26.0.0-alpha1] AndroidManifest.xml:21:5-23:63
MERGED from [com.android.support:support-fragment:26.0.0-alpha1] AndroidManifest.xml:21:5-23:60
MERGED from [com.android.support:support-core-ui:26.0.0-alpha1] AndroidManifest.xml:21:5-23:58
MERGED from [com.android.support:support-core-utils:26.0.0-alpha1] AndroidManifest.xml:21:5-23:61
MERGED from [com.android.support:animated-vector-drawable:26.0.0-alpha1] AndroidManifest.xml:20:5-44
MERGED from [com.android.support:support-vector-drawable:26.0.0-alpha1] AndroidManifest.xml:20:5-44
MERGED from [com.android.support:support-compat:26.0.0-alpha1] AndroidManifest.xml:21:5-23:58
	tools:overrideLibrary
		ADDED from [com.android.support:appcompat-v7:26.0.0-alpha1] AndroidManifest.xml:23:9-75
	android:targetSdkVersion
		ADDED from Android-Cookbook-Examples/ContentProviderSample/AndroidManifest.xml:9:9-38
		INJECTED from Android-Cookbook-Examples/ContentProviderSample/AndroidManifest.xml
		INJECTED from Android-Cookbook-Examples/ContentProviderSample/AndroidManifest.xml
	android:minSdkVersion
		ADDED from Android-Cookbook-Examples/ContentProviderSample/AndroidManifest.xml:8:9-35
		INJECTED from Android-Cookbook-Examples/ContentProviderSample/AndroidManifest.xml
		INJECTED from Android-Cookbook-Examples/ContentProviderSample/AndroidManifest.xml
application
ADDED from Android-Cookbook-Examples/ContentProviderSample/AndroidManifest.xml:11:5-34:19
MERGED from [com.android.support:appcompat-v7:26.0.0-alpha1] AndroidManifest.xml:29:5-20
MERGED from [com.android.support:support-v4:26.0.0-alpha1] AndroidManifest.xml:29:5-20
MERGED from [com.android.support:support-media-compat:26.0.0-alpha1] AndroidManifest.xml:29:5-20
MERGED from [com.android.support:support-fragment:26.0.0-alpha1] AndroidManifest.xml:29:5-20
MERGED from [com.android.support:support-core-ui:26.0.0-alpha1] AndroidManifest.xml:29:5-20
MERGED from [com.android.support:support-core-utils:26.0.0-alpha1] AndroidManifest.xml:29:5-20
MERGED from [com.android.support:animated-vector-drawable:26.0.0-alpha1] AndroidManifest.xml:26:5-20
MERGED from [com.android.support:support-vector-drawable:26.0.0-alpha1] AndroidManifest.xml:26:5-20
MERGED from [com.android.support:support-compat:26.0.0-alpha1] AndroidManifest.xml:29:5-20
	android:label
		ADDED from Android-Cookbook-Examples/ContentProviderSample/AndroidManifest.xml:14:9-41
	android:allowBackup
		ADDED from Android-Cookbook-Examples/ContentProviderSample/AndroidManifest.xml:12:9-35
	android:icon
		ADDED from Android-Cookbook-Examples/ContentProviderSample/AndroidManifest.xml:13:9-45
	android:theme
		ADDED from Android-Cookbook-Examples/ContentProviderSample/AndroidManifest.xml:15:9-40
activity#com.example.contentprovidersample.ui.MyDataItemListActivity
ADDED from Android-Cookbook-Examples/ContentProviderSample/AndroidManifest.xml:16:9-23:20
	android:label
		ADDED from Android-Cookbook-Examples/ContentProviderSample/AndroidManifest.xml:18:13-45
	android:name
		ADDED from Android-Cookbook-Examples/ContentProviderSample/AndroidManifest.xml:17:13-87
intent-filter#android.intent.action.MAIN+android.intent.category.LAUNCHER
ADDED from Android-Cookbook-Examples/ContentProviderSample/AndroidManifest.xml:19:13-22:29
action#android.intent.action.MAIN
ADDED from Android-Cookbook-Examples/ContentProviderSample/AndroidManifest.xml:20:17-69
	android:name
		ADDED from Android-Cookbook-Examples/ContentProviderSample/AndroidManifest.xml:20:25-66
category#android.intent.category.LAUNCHER
ADDED from Android-Cookbook-Examples/ContentProviderSample/AndroidManifest.xml:21:17-77
	android:name
		ADDED from Android-Cookbook-Examples/ContentProviderSample/AndroidManifest.xml:21:27-74
activity#com.example.contentprovidersample.ui.MyDataItemDetailActivity
ADDED from Android-Cookbook-Examples/ContentProviderSample/AndroidManifest.xml:24:9-31:20
	android:label
		ADDED from Android-Cookbook-Examples/ContentProviderSample/AndroidManifest.xml:26:13-60
	android:parentActivityName
		ADDED from Android-Cookbook-Examples/ContentProviderSample/AndroidManifest.xml:27:13-104
	android:name
		ADDED from Android-Cookbook-Examples/ContentProviderSample/AndroidManifest.xml:25:13-89
meta-data#android.support.PARENT_ACTIVITY
ADDED from Android-Cookbook-Examples/ContentProviderSample/AndroidManifest.xml:28:13-30:59
	android:value
		ADDED from Android-Cookbook-Examples/ContentProviderSample/AndroidManifest.xml:30:17-56
	android:name
		ADDED from Android-Cookbook-Examples/ContentProviderSample/AndroidManifest.xml:29:17-63
provider#com.example.contentprovidersample.MyContentProvider
ADDED from Android-Cookbook-Examples/ContentProviderSample/AndroidManifest.xml:32:9-33:39
	android:authorities
		ADDED from Android-Cookbook-Examples/ContentProviderSample/AndroidManifest.xml:32:19-74
	android:name
		ADDED from Android-Cookbook-Examples/ContentProviderSample/AndroidManifest.xml:33:4-36
meta-data#android.support.VERSION
ADDED from [com.android.support:appcompat-v7:26.0.0-alpha1] AndroidManifest.xml:25:5-27:41
MERGED from [com.android.support:support-v4:26.0.0-alpha1] AndroidManifest.xml:25:5-27:41
MERGED from [com.android.support:support-media-compat:26.0.0-alpha1] AndroidManifest.xml:25:5-27:41
MERGED from [com.android.support:support-fragment:26.0.0-alpha1] AndroidManifest.xml:25:5-27:41
MERGED from [com.android.support:support-core-ui:26.0.0-alpha1] AndroidManifest.xml:25:5-27:41
MERGED from [com.android.support:support-core-utils:26.0.0-alpha1] AndroidManifest.xml:25:5-27:41
MERGED from [com.android.support:animated-vector-drawable:26.0.0-alpha1] AndroidManifest.xml:22:5-24:41
MERGED from [com.android.support:support-vector-drawable:26.0.0-alpha1] AndroidManifest.xml:22:5-24:41
MERGED from [com.android.support:support-compat:26.0.0-alpha1] AndroidManifest.xml:25:5-27:41
	android:value
		ADDED from [com.android.support:appcompat-v7:26.0.0-alpha1] AndroidManifest.xml:27:9-38
	android:name
		ADDED from [com.android.support:appcompat-v7:26.0.0-alpha1] AndroidManifest.xml:26:9-47